#
# There is insufficient memory for the Java Runtime Environment to continue.
# Native memory allocation (mmap) failed to map 266338304 bytes for G1 virtual space
# Possible reasons:
#   The system is out of physical RAM or swap space
#   The process is running with CompressedOops enabled, and the Java Heap may be blocking the growth of the native heap
# Possible solutions:
#   Reduce memory load on the system
#   Increase physical memory or swap space
#   Check if swap backing store is full
#   Decrease Java heap size (-Xmx/-Xms)
#   Decrease number of Java threads
#   Decrease Java thread stack sizes (-Xss)
#   Set larger code cache with -XX:ReservedCodeCacheSize=
#   JVM is running with Zero Based Compressed Oops mode in which the Java heap is
#     placed in the first 32GB address space. The Java Heap base address is the
#     maximum limit for the native heap growth. Please use -XX:HeapBaseMinAddress
#     to set the Java Heap base and to place the Java Heap above 32GB virtual address.
# This output file may be truncated or incomplete.
#
#  Out of Memory Error (os_windows.cpp:3747), pid=69724, tid=65472
#
# JRE version:  (17.0.3+7) (build )
# Java VM: OpenJDK 64-Bit Server VM (17.0.3+7-b469.37, mixed mode, sharing, tiered, compressed oops, compressed class ptrs, g1 gc, windows-amd64)
# No core dump will be written. Minidumps are not enabled by default on client versions of Windows
#

---------------  S U M M A R Y ------------

Command Line: git4idea.http.GitAskPassApp Username for 'https://github.com': 

Host: Intel(R) Core(TM) i5-10210U CPU @ 1.60GHz, 8 cores, 15G,  Windows 10 , 64 bit Build 19041 (10.0.19041.2251)
Time: Thu Nov 24 20:21:42 2022  Windows 10 , 64 bit Build 19041 (10.0.19041.2251) elapsed time: 0.024058 seconds (0d 0h 0m 0s)

---------------  T H R E A D  ---------------

Current thread (0x0000023166fb4f00):  JavaThread "Unknown thread" [_thread_in_vm, id=65472, stack(0x0000006415900000,0x0000006415a00000)]

Stack: [0x0000006415900000,0x0000006415a00000]
Native frames: (J=compiled Java code, j=interpreted, Vv=VM code, C=native code)
V  [jvm.dll+0x681f8a]
V  [jvm.dll+0x83e374]
V  [jvm.dll+0x83fb1e]
V  [jvm.dll+0x840183]
V  [jvm.dll+0x2492a5]
V  [jvm.dll+0x67ee59]
V  [jvm.dll+0x67355a]
V  [jvm.dll+0x308fab]
V  [jvm.dll+0x310466]
V  [jvm.dll+0x3601de]
V  [jvm.dll+0x36040f]
V  [jvm.dll+0x2df098]
V  [jvm.dll+0x2e0004]
V  [jvm.dll+0x80fc61]
V  [jvm.dll+0x36df61]
V  [jvm.dll+0x7ef17c]
V  [jvm.dll+0x3f10ef]
V  [jvm.dll+0x3f2c31]
C  [jli.dll+0x526b]
C  [ucrtbase.dll+0x21bb2]
C  [KERNEL32.DLL+0x174b4]
C  [ntdll.dll+0x526a1]


---------------  P R O C E S S  ---------------

Threads class SMR info:
_java_thread_list=0x00007ff9ae6c6f18, length=0, elements={
}

Java Threads: ( => current thread )

Other Threads:
  0x0000023167022bb0 GCTaskThread "GC Thread#0" [stack: 0x0000006415a00000,0x0000006415b00000] [id=62808]
  0x0000023167033840 ConcurrentGCThread "G1 Main Marker" [stack: 0x0000006415b00000,0x0000006415c00000] [id=70964]
  0x00000231670349f0 ConcurrentGCThread "G1 Conc#0" [stack: 0x0000006415c00000,0x0000006415d00000] [id=71952]

[error occurred during error reporting (printing all threads), id 0xc0000005, EXCEPTION_ACCESS_VIOLATION (0xc0000005) at pc=0x00007ff9ade7fc57]

VM state: not at safepoint (not fully initialized)

VM Mutex/Monitor currently owned by a thread:  ([mutex/lock_event])
[0x0000023166fb0a30] Heap_lock - owner thread: 0x0000023166fb4f00

Heap address: 0x0000000702a00000, size: 4054 MB, Compressed Oops mode: Zero based, Oop shift amount: 3

CDS archive(s) mapped at: [0x0000000000000000-0x0000000000000000-0x0000000000000000), size 0, SharedBaseAddress: 0x0000000800000000, ArchiveRelocationMode: 0.
Narrow klass base: 0x0000000000000000, Narrow klass shift: 0, Narrow klass range: 0x0

GC Precious Log:
<Empty>

Heap:
 garbage-first heap   total 0K, used 0K [0x0000000702a00000, 0x0000000800000000)
  region size 2048K, 0 young (0K), 0 survivors (0K)

[error occurred during error reporting (printing heap information), id 0xc0000005, EXCEPTION_ACCESS_VIOLATION (0xc0000005) at pc=0x00007ff9ae26bbd9]

GC Heap History (0 events):
No events

Deoptimization events (0 events):
No events

Classes unloaded (0 events):
No events

Classes redefined (0 events):
No events

Internal exceptions (0 events):
No events

VM Operations (0 events):
No events

Events (1 events):
Event: 0.011 Loaded shared library D:\IntelliJ IDEA\IntelliJ IDEA 2022.2.1\jbr\bin\java.dll


Dynamic libraries:
0x00007ff60acb0000 - 0x00007ff60acba000 	D:\IntelliJ IDEA\IntelliJ IDEA 2022.2.1\jbr\bin\java.exe
0x00007ffa09590000 - 0x00007ffa09788000 	C:\WINDOWS\SYSTEM32\ntdll.dll
0x00007ffa077c0000 - 0x00007ffa0787f000 	C:\WINDOWS\System32\KERNEL32.DLL
0x00007ffa06eb0000 - 0x00007ffa07182000 	C:\WINDOWS\System32\KERNELBASE.dll
0x00007ffa073c0000 - 0x00007ffa074c0000 	C:\WINDOWS\System32\ucrtbase.dll
0x00007ff9e6c00000 - 0x00007ff9e6c1b000 	D:\IntelliJ IDEA\IntelliJ IDEA 2022.2.1\jbr\bin\VCRUNTIME140.dll
0x00007ff9e5990000 - 0x00007ff9e59a7000 	D:\IntelliJ IDEA\IntelliJ IDEA 2022.2.1\jbr\bin\jli.dll
0x00007ffa08fd0000 - 0x00007ffa0916d000 	C:\WINDOWS\System32\USER32.dll
0x00007ffa06c90000 - 0x00007ffa06cb2000 	C:\WINDOWS\System32\win32u.dll
0x00007ffa093e0000 - 0x00007ffa0940b000 	C:\WINDOWS\System32\GDI32.dll
0x00007ff9efff0000 - 0x00007ff9f028a000 	C:\WINDOWS\WinSxS\amd64_microsoft.windows.common-controls_6595b64144ccf1df_6.0.19041.1110_none_60b5254171f9507e\COMCTL32.dll
0x00007ffa07280000 - 0x00007ffa0738f000 	C:\WINDOWS\System32\gdi32full.dll
0x00007ffa075e0000 - 0x00007ffa0767e000 	C:\WINDOWS\System32\msvcrt.dll
0x00007ffa07190000 - 0x00007ffa0722d000 	C:\WINDOWS\System32\msvcp_win.dll
0x00007ffa080f0000 - 0x00007ffa08122000 	C:\WINDOWS\System32\IMM32.DLL
0x00007ff9f0c20000 - 0x00007ff9f0c2c000 	D:\IntelliJ IDEA\IntelliJ IDEA 2022.2.1\jbr\bin\vcruntime140_1.dll
0x00007ff9cb850000 - 0x00007ff9cb8dd000 	D:\IntelliJ IDEA\IntelliJ IDEA 2022.2.1\jbr\bin\msvcp140.dll
0x00007ff9adb90000 - 0x00007ff9ae7f8000 	D:\IntelliJ IDEA\IntelliJ IDEA 2022.2.1\jbr\bin\server\jvm.dll
0x00007ffa08f20000 - 0x00007ffa08fce000 	C:\WINDOWS\System32\ADVAPI32.dll
0x00007ffa07fd0000 - 0x00007ffa0806c000 	C:\WINDOWS\System32\sechost.dll
0x00007ffa09170000 - 0x00007ffa09295000 	C:\WINDOWS\System32\RPCRT4.dll
0x00007ffa07730000 - 0x00007ffa07738000 	C:\WINDOWS\System32\PSAPI.DLL
0x00007ff9eb6b0000 - 0x00007ff9eb6b9000 	C:\WINDOWS\SYSTEM32\WSOCK32.dll
0x00007ff9fbab0000 - 0x00007ff9fbaba000 	C:\WINDOWS\SYSTEM32\VERSION.dll
0x00007ff9f0290000 - 0x00007ff9f02b7000 	C:\WINDOWS\SYSTEM32\WINMM.dll
0x00007ffa09370000 - 0x00007ffa093db000 	C:\WINDOWS\System32\WS2_32.dll
0x00007ffa04ba0000 - 0x00007ffa04bb2000 	C:\WINDOWS\SYSTEM32\kernel.appcore.dll
0x00007ffa04140000 - 0x00007ffa0414a000 	D:\IntelliJ IDEA\IntelliJ IDEA 2022.2.1\jbr\bin\jimage.dll
0x00007ffa04460000 - 0x00007ffa04644000 	C:\WINDOWS\SYSTEM32\DBGHELP.DLL
0x00007ff9ed9a0000 - 0x00007ff9ed9cc000 	C:\WINDOWS\SYSTEM32\dbgcore.DLL
0x00007ffa06e20000 - 0x00007ffa06ea2000 	C:\WINDOWS\System32\bcryptPrimitives.dll
0x00007ff9f0cd0000 - 0x00007ff9f0cf5000 	D:\IntelliJ IDEA\IntelliJ IDEA 2022.2.1\jbr\bin\java.dll

dbghelp: loaded successfully - version: 4.0.5 - missing functions: none
symbol engine: initialized successfully - sym options: 0x614 - pdb path: .;D:\IntelliJ IDEA\IntelliJ IDEA 2022.2.1\jbr\bin;C:\WINDOWS\SYSTEM32;C:\WINDOWS\WinSxS\amd64_microsoft.windows.common-controls_6595b64144ccf1df_6.0.19041.1110_none_60b5254171f9507e;D:\IntelliJ IDEA\IntelliJ IDEA 2022.2.1\jbr\bin\server

VM Arguments:
java_command: git4idea.http.GitAskPassApp Username for 'https://github.com': 
java_class_path (initial): D:/IntelliJ IDEA/IntelliJ IDEA 2022.2.1/plugins/git4idea/lib/git4idea-rt.jar;D:/IntelliJ IDEA/IntelliJ IDEA 2022.2.1/lib/externalProcess-rt.jar;D:/IntelliJ IDEA/IntelliJ IDEA 2022.2.1/lib/app.jar;D:/IntelliJ IDEA/IntelliJ IDEA 2022.2.1/lib/3rd-party-rt.jar
Launcher Type: SUN_STANDARD

[Global flags]
     intx CICompilerCount                          = 4                                         {product} {ergonomic}
     uint ConcGCThreads                            = 2                                         {product} {ergonomic}
     uint G1ConcRefinementThreads                  = 8                                         {product} {ergonomic}
   size_t G1HeapRegionSize                         = 2097152                                   {product} {ergonomic}
    uintx GCDrainStackTargetSize                   = 64                                        {product} {ergonomic}
   size_t InitialHeapSize                          = 266338304                                 {product} {ergonomic}
   size_t MarkStackSize                            = 4194304                                   {product} {ergonomic}
   size_t MaxHeapSize                              = 4250927104                                {product} {ergonomic}
   size_t MinHeapDeltaBytes                        = 2097152                                   {product} {ergonomic}
   size_t MinHeapSize                              = 8388608                                   {product} {ergonomic}
    uintx NonNMethodCodeHeapSize                   = 5839372                                {pd product} {ergonomic}
    uintx NonProfiledCodeHeapSize                  = 122909434                              {pd product} {ergonomic}
    uintx ProfiledCodeHeapSize                     = 122909434                              {pd product} {ergonomic}
    uintx ReservedCodeCacheSize                    = 251658240                              {pd product} {ergonomic}
     bool SegmentedCodeCache                       = true                                      {product} {ergonomic}
   size_t SoftMaxHeapSize                          = 4250927104                             {manageable} {ergonomic}
     bool UseCompressedClassPointers               = true                           {product lp64_product} {ergonomic}
     bool UseCompressedOops                        = true                           {product lp64_product} {ergonomic}
     bool UseG1GC                                  = true                                      {product} {ergonomic}
     bool UseLargePagesIndividualAllocation        = false                                  {pd product} {ergonomic}

Logging:
Log output configuration:
 #0: stdout all=warning uptime,level,tags
 #1: stderr all=off uptime,level,tags

Environment Variables:
JAVA_HOME=D:\Java
PATH=D:\Git\mingw64\libexec\git-core;D:\Git\mingw64\libexec\git-core;D:\Git\mingw64\bin;D:\Git\usr\bin;C:\Users\86173\bin;C:\Program Files (x86)\VMware\VMware Workstation\bin;C:\Windows\system32;C:\Windows;C:\Windows\System32\Wbem;C:\Windows\System32\WindowsPowerShell\v1.0;C:\Windows\System32\OpenSSH;C:\Program Files (x86)\NVIDIA Corporation\PhysX\Common;C:\Program Files\NVIDIA Corporation\NVIDIA NvDLISR;C:\Users\86173\AppData\Local\Programs\Python\Python38;C:\WINDOWS\system32;C:\WINDOWS;C:\WINDOWS\System32\Wbem;C:\WINDOWS\System32\WindowsPowerShell\v1.0;C:\WINDOWS\System32\OpenSSH;C:\Program Files\MySQL\MySQL Server 8.0\bin;C:\Program Files\Microsoft SQL Server\130\Tools\Binn;C:\Program Files\Microsoft SQL Server\Client SDK\ODBC\170\Tools\Binn;D:\Matlab2021a\runtime\win64;D:\Matlab2021a\bin;D:\Matlab2021a\polyspace\bin;D:\MSYS2\mingw64\bin;D:\Java\bin;D:\Git\cmd;C:\Users\86173\AppData\Local\Microsoft\WindowsApps;C:\Users\86173\AppData\Local\Programs\Python\Python38;C:\Users\86173\AppData\Local\Programs\Python\Python38\Scripts;C:\Program Files\JetBrains\PyCharm 2020.3\bin;D:\Clion\CLion 2022.1.2\bin;C:\Users\86173\AppData\Local\GitHubDesktop\bin;D:\Modelsim\win64;C:\Users\86173\AppData\Local\Programs\Microsoft VS Code\bin;D:\MiKTeX\miktex\bin\x64;D:\IntelliJ IDEA\IntelliJ IDEA 2022.2.1\bin
USERNAME=86173
DISPLAY=:0.0
LC_ALL=en_US.UTF-8
OS=Windows_NT
PROCESSOR_IDENTIFIER=Intel64 Family 6 Model 142 Stepping 12, GenuineIntel



---------------  S Y S T E M  ---------------

OS:
 Windows 10 , 64 bit Build 19041 (10.0.19041.2251)
OS uptime: 9 days 7:21 hours

CPU: total 8 (initial active 8) (4 cores per cpu, 2 threads per core) family 6 model 142 stepping 12 microcode 0xbe, cx8, cmov, fxsr, ht, mmx, 3dnowpref, sse, sse2, sse3, ssse3, sse4.1, sse4.2, popcnt, lzcnt, tsc, tscinvbit, avx, avx2, aes, erms, clmul, bmi1, bmi2, adx, fma, vzeroupper, clflush, clflushopt

Memory: 4k page, system-wide physical 16214M (2014M free)
TotalPageFile size 26383M (AvailPageFile size 141M)
current process WorkingSet (physical memory assigned to process): 10M, peak: 10M
current process commit charge ("private bytes"): 60M, peak: 314M

vm_info: OpenJDK 64-Bit Server VM (17.0.3+7-b469.37) for windows-amd64 JRE (17.0.3+7-b469.37), built on 2022-08-01 by "builduser" with MS VC++ 16.10 / 16.11 (VS2019)

END.
